# JRE version: Java(TM) SE Runtime Environment (21.0+35) (build 21+35-LTS-2513)
# Java VM: Java HotSpot(TM) 64-Bit Server VM (21+35-LTS-2513, mixed mode, emulated-client, sharing, tiered, compressed oops, compressed class ptrs, g1 gc, windows-amd64)
GC Precious Log:
 CardTable entry size: 512
 Card Set container configuration: InlinePtr #cards 5 size 8 Array Of Cards #cards 12 size 40 Howl #buckets 4 coarsen threshold 1843 Howl Bitmap #cards 512 size 80 coarsen threshold 460 Card regions per heap region 1 cards per card region 2048
 CPUs: 8 total, 8 available
 Memory: 8025M
 Large Page Support: Disabled
 NUMA Support: Disabled
 Compressed Oops: Enabled (32-bit)
 Heap Region Size: 1M
 Heap Min Capacity: 8M
 Heap Initial Capacity: 126M
 Heap Max Capacity: 2008M
 Pre-touch: Disabled
 Parallel Workers: 8
 Concurrent Workers: 2
 Concurrent Refinement Workers: 8
 Periodic GC: Disabled
Heap:
 garbage-first heap   total 177152K, used 175436K [0x0000000082800000, 0x0000000100000000)
  region size 1024K, 8 young (8192K), 1 survivors (1024K)
 Metaspace       used 82693K, committed 83712K, reserved 1179648K
  class space    used 11963K, committed 12352K, reserved 1048576K
GC Heap History (20 events):
Event: 8226.863 GC heap before
{Heap before GC invocations=205 (full 4):
 garbage-first heap   total 226304K, used 224012K [0x0000000082800000, 0x0000000100000000)
  region size 1024K, 11 young (11264K), 1 survivors (1024K)
 Metaspace       used 82699K, committed 83712K, reserved 1179648K
  class space    used 11965K, committed 12352K, reserved 1048576K
}
Event: 8226.865 GC heap after
{Heap after GC invocations=206 (full 4):
 garbage-first heap   total 227328K, used 39700K [0x0000000082800000, 0x0000000100000000)
  region size 1024K, 1 young (1024K), 1 survivors (1024K)
 Metaspace       used 82699K, committed 83712K, reserved 1179648K
  class space    used 11965K, committed 12352K, reserved 1048576K
}
Event: 8228.836 GC heap before
{Heap before GC invocations=206 (full 4):
 garbage-first heap   total 372736K, used 371476K [0x0000000082800000, 0x0000000100000000)
  region size 1024K, 9 young (9216K), 1 survivors (1024K)
 Metaspace       used 82699K, committed 83712K, reserved 1179648K
  class space    used 11965K, committed 12352K, reserved 1048576K
}
Event: 8228.871 GC heap after
{Heap after GC invocations=207 (full 4):
 garbage-first heap   total 374784K, used 43848K [0x0000000082800000, 0x0000000100000000)
  region size 1024K, 1 young (1024K), 1 survivors (1024K)
 Metaspace       used 82699K, committed 83712K, reserved 1179648K
  class space    used 11965K, committed 12352K, reserved 1048576K
}
Event: 8229.421 GC heap before
{Heap before GC invocations=207 (full 4):
 garbage-first heap   total 374784K, used 110408K [0x0000000082800000, 0x0000000100000000)
  region size 1024K, 6 young (6144K), 1 survivors (1024K)
 Metaspace       used 82699K, committed 83712K, reserved 1179648K
  class space    used 11965K, committed 12352K, reserved 1048576K
}
Event: 8229.424 GC heap after
{Heap after GC invocations=208 (full 4):
 garbage-first heap   total 374784K, used 39743K [0x0000000082800000, 0x0000000100000000)
  region size 1024K, 1 young (1024K), 1 survivors (1024K)
 Metaspace       used 82699K, committed 83712K, reserved 1179648K
  class space    used 11965K, committed 12352K, reserved 1048576K
}
Event: 8229.448 GC heap before
{Heap before GC invocations=208 (full 4):
 garbage-first heap   total 374784K, used 44863K [0x0000000082800000, 0x0000000100000000)
  region size 1024K, 4 young (4096K), 1 survivors (1024K)
 Metaspace       used 82699K, committed 83712K, reserved 1179648K
  class space    used 11965K, committed 12352K, reserved 1048576K
}
Event: 8229.450 GC heap after
{Heap after GC invocations=209 (full 4):
 garbage-first heap   total 374784K, used 39746K [0x0000000082800000, 0x0000000100000000)
  region size 1024K, 1 young (1024K), 1 survivors (1024K)
 Metaspace       used 82699K, committed 83712K, reserved 1179648K
  class space    used 11965K, committed 12352K, reserved 1048576K
}
Event: 8231.141 GC heap before
{Heap before GC invocations=210 (full 4):
 garbage-first heap   total 189440K, used 188226K [0x0000000082800000, 0x0000000100000000)
  region size 1024K, 9 young (9216K), 1 survivors (1024K)
 Metaspace       used 82699K, committed 83712K, reserved 1179648K
  class space    used 11965K, committed 12352K, reserved 1048576K
}
Event: 8231.144 GC heap after
{Heap after GC invocations=211 (full 4):
 garbage-first heap   total 191488K, used 39734K [0x0000000082800000, 0x0000000100000000)
  region size 1024K, 1 young (1024K), 1 survivors (1024K)
 Metaspace       used 82699K, committed 83712K, reserved 1179648K
  class space    used 11965K, committed 12352K, reserved 1048576K
}
Event: 8233.612 GC heap before
{Heap before GC invocations=211 (full 4):
 garbage-first heap   total 201728K, used 199478K [0x0000000082800000, 0x0000000100000000)
  region size 1024K, 8 young (8192K), 1 survivors (1024K)
 Metaspace       used 82699K, committed 83712K, reserved 1179648K
  class space    used 11965K, committed 12352K, reserved 1048576K
}
Event: 8233.617 GC heap after
{Heap after GC invocations=212 (full 4):
 garbage-first heap   total 202752K, used 39693K [0x0000000082800000, 0x0000000100000000)
  region size 1024K, 1 young (1024K), 1 survivors (1024K)
 Metaspace       used 82699K, committed 83712K, reserved 1179648K
  class space    used 11965K, committed 12352K, reserved 1048576K
}
Event: 8233.619 GC heap before
{Heap before GC invocations=212 (full 4):
 garbage-first heap   total 202752K, used 39693K [0x0000000082800000, 0x0000000100000000)
  region size 1024K, 2 young (2048K), 1 survivors (1024K)
 Metaspace       used 82699K, committed 83712K, reserved 1179648K
  class space    used 11965K, committed 12352K, reserved 1048576K
}
Event: 8233.622 GC heap after
{Heap after GC invocations=213 (full 4):
 garbage-first heap   total 202752K, used 39707K [0x0000000082800000, 0x0000000100000000)
  region size 1024K, 1 young (1024K), 1 survivors (1024K)
 Metaspace       used 82699K, committed 83712K, reserved 1179648K
  class space    used 11965K, committed 12352K, reserved 1048576K
}
Event: 8236.092 GC heap before
{Heap before GC invocations=214 (full 4):
 garbage-first heap   total 171008K, used 169755K [0x0000000082800000, 0x0000000100000000)
  region size 1024K, 8 young (8192K), 1 survivors (1024K)
 Metaspace       used 82699K, committed 83712K, reserved 1179648K
  class space    used 11965K, committed 12352K, reserved 1048576K
}
Event: 8236.095 GC heap after
{Heap after GC invocations=215 (full 4):
 garbage-first heap   total 173056K, used 39704K [0x0000000082800000, 0x0000000100000000)
  region size 1024K, 1 young (1024K), 1 survivors (1024K)
 Metaspace       used 82699K, committed 83712K, reserved 1179648K
  class space    used 11965K, committed 12352K, reserved 1048576K
}
Event: 8242.915 GC heap before
{Heap before GC invocations=215 (full 4):
 garbage-first heap   total 174080K, used 170776K [0x0000000082800000, 0x0000000100000000)
  region size 1024K, 32 young (32768K), 1 survivors (1024K)
 Metaspace       used 82699K, committed 83712K, reserved 1179648K
  class space    used 11965K, committed 12352K, reserved 1048576K
}
Event: 8242.963 GC heap after
{Heap after GC invocations=216 (full 4):
 garbage-first heap   total 175104K, used 40749K [0x0000000082800000, 0x0000000100000000)
  region size 1024K, 1 young (1024K), 1 survivors (1024K)
 Metaspace       used 82699K, committed 83712K, reserved 1179648K
  class space    used 11965K, committed 12352K, reserved 1048576K
}
Event: 8242.970 GC heap before
{Heap before GC invocations=216 (full 4):
 garbage-first heap   total 175104K, used 40749K [0x0000000082800000, 0x0000000100000000)
  region size 1024K, 2 young (2048K), 1 survivors (1024K)
 Metaspace       used 82699K, committed 83712K, reserved 1179648K
  class space    used 11965K, committed 12352K, reserved 1048576K
}
Event: 8242.973 GC heap after
{Heap after GC invocations=217 (full 4):
 garbage-first heap   total 175104K, used 40791K [0x0000000082800000, 0x0000000100000000)
  region size 1024K, 1 young (1024K), 1 survivors (1024K)
 Metaspace       used 82699K, committed 83712K, reserved 1179648K
  class space    used 11965K, committed 12352K, reserved 1048576K
}

