# JRE version: Java(TM) SE Runtime Environment (21.0+35) (build 21+35-LTS-2513)
# Java VM: Java HotSpot(TM) 64-Bit Server VM (21+35-LTS-2513, mixed mode, emulated-client, sharing, tiered, compressed oops, compressed class ptrs, g1 gc, windows-amd64)
GC Precious Log:
 CardTable entry size: 512
 Card Set container configuration: InlinePtr #cards 5 size 8 Array Of Cards #cards 12 size 40 Howl #buckets 4 coarsen threshold 1843 Howl Bitmap #cards 512 size 80 coarsen threshold 460 Card regions per heap region 1 cards per card region 2048
 CPUs: 8 total, 8 available
 Memory: 8025M
 Large Page Support: Disabled
 NUMA Support: Disabled
 Compressed Oops: Enabled (32-bit)
 Heap Region Size: 1M
 Heap Min Capacity: 8M
 Heap Initial Capacity: 126M
 Heap Max Capacity: 2008M
 Pre-touch: Disabled
 Parallel Workers: 8
 Concurrent Workers: 2
 Concurrent Refinement Workers: 8
 Periodic GC: Disabled
Heap:
 garbage-first heap   total 179200K, used 177796K [0x0000000082800000, 0x0000000100000000)
  region size 1024K, 7 young (7168K), 1 survivors (1024K)
 Metaspace       used 80571K, committed 81472K, reserved 1179648K
  class space    used 11775K, committed 12160K, reserved 1048576K
GC Heap History (20 events):
Event: 127.119 GC heap before
{Heap before GC invocations=119 (full 0):
 garbage-first heap   total 274432K, used 43675K [0x0000000082800000, 0x0000000100000000)
  region size 1024K, 2 young (2048K), 1 survivors (1024K)
 Metaspace       used 80569K, committed 81472K, reserved 1179648K
  class space    used 11774K, committed 12160K, reserved 1048576K
}
Event: 127.121 GC heap after
{Heap after GC invocations=120 (full 0):
 garbage-first heap   total 274432K, used 43698K [0x0000000082800000, 0x0000000100000000)
  region size 1024K, 1 young (1024K), 1 survivors (1024K)
 Metaspace       used 80569K, committed 81472K, reserved 1179648K
  class space    used 11774K, committed 12160K, reserved 1048576K
}
Event: 128.921 GC heap before
{Heap before GC invocations=121 (full 0):
 garbage-first heap   total 272384K, used 271026K [0x0000000082800000, 0x0000000100000000)
  region size 1024K, 8 young (8192K), 1 survivors (1024K)
 Metaspace       used 80569K, committed 81472K, reserved 1179648K
  class space    used 11774K, committed 12160K, reserved 1048576K
}
Event: 128.938 GC heap after
{Heap after GC invocations=122 (full 0):
 garbage-first heap   total 273408K, used 44711K [0x0000000082800000, 0x0000000100000000)
  region size 1024K, 1 young (1024K), 1 survivors (1024K)
 Metaspace       used 80569K, committed 81472K, reserved 1179648K
  class space    used 11774K, committed 12160K, reserved 1048576K
}
Event: 131.479 GC heap before
{Heap before GC invocations=122 (full 0):
 garbage-first heap   total 283648K, used 281255K [0x0000000082800000, 0x0000000100000000)
  region size 1024K, 41 young (41984K), 1 survivors (1024K)
 Metaspace       used 80569K, committed 81472K, reserved 1179648K
  class space    used 11774K, committed 12160K, reserved 1048576K
}
Event: 131.491 GC heap after
{Heap after GC invocations=123 (full 0):
 garbage-first heap   total 285696K, used 43662K [0x0000000082800000, 0x0000000100000000)
  region size 1024K, 1 young (1024K), 1 survivors (1024K)
 Metaspace       used 80569K, committed 81472K, reserved 1179648K
  class space    used 11774K, committed 12160K, reserved 1048576K
}
Event: 131.493 GC heap before
{Heap before GC invocations=123 (full 0):
 garbage-first heap   total 285696K, used 43662K [0x0000000082800000, 0x0000000100000000)
  region size 1024K, 2 young (2048K), 1 survivors (1024K)
 Metaspace       used 80569K, committed 81472K, reserved 1179648K
  class space    used 11774K, committed 12160K, reserved 1048576K
}
Event: 131.495 GC heap after
{Heap after GC invocations=124 (full 0):
 garbage-first heap   total 285696K, used 43666K [0x0000000082800000, 0x0000000100000000)
  region size 1024K, 1 young (1024K), 1 survivors (1024K)
 Metaspace       used 80569K, committed 81472K, reserved 1179648K
  class space    used 11774K, committed 12160K, reserved 1048576K
}
Event: 132.738 GC heap before
{Heap before GC invocations=125 (full 0):
 garbage-first heap   total 205824K, used 204434K [0x0000000082800000, 0x0000000100000000)
  region size 1024K, 6 young (6144K), 1 survivors (1024K)
 Metaspace       used 80569K, committed 81472K, reserved 1179648K
  class space    used 11774K, committed 12160K, reserved 1048576K
}
Event: 132.740 GC heap after
{Heap after GC invocations=126 (full 0):
 garbage-first heap   total 207872K, used 43679K [0x0000000082800000, 0x0000000100000000)
  region size 1024K, 1 young (1024K), 1 survivors (1024K)
 Metaspace       used 80569K, committed 81472K, reserved 1179648K
  class space    used 11774K, committed 12160K, reserved 1048576K
}
Event: 134.862 GC heap before
{Heap before GC invocations=126 (full 0):
 garbage-first heap   total 236544K, used 234143K [0x0000000082800000, 0x0000000100000000)
  region size 1024K, 9 young (9216K), 1 survivors (1024K)
 Metaspace       used 80569K, committed 81472K, reserved 1179648K
  class space    used 11774K, committed 12160K, reserved 1048576K
}
Event: 134.868 GC heap after
{Heap after GC invocations=127 (full 0):
 garbage-first heap   total 237568K, used 46763K [0x0000000082800000, 0x0000000100000000)
  region size 1024K, 1 young (1024K), 1 survivors (1024K)
 Metaspace       used 80569K, committed 81472K, reserved 1179648K
  class space    used 11774K, committed 12160K, reserved 1048576K
}
Event: 134.875 GC heap before
{Heap before GC invocations=127 (full 0):
 garbage-first heap   total 237568K, used 46763K [0x0000000082800000, 0x0000000100000000)
  region size 1024K, 2 young (2048K), 1 survivors (1024K)
 Metaspace       used 80569K, committed 81472K, reserved 1179648K
  class space    used 11774K, committed 12160K, reserved 1048576K
}
Event: 134.877 GC heap after
{Heap after GC invocations=128 (full 0):
 garbage-first heap   total 237568K, used 44717K [0x0000000082800000, 0x0000000100000000)
  region size 1024K, 1 young (1024K), 1 survivors (1024K)
 Metaspace       used 80569K, committed 81472K, reserved 1179648K
  class space    used 11774K, committed 12160K, reserved 1048576K
}
Event: 136.719 GC heap before
{Heap before GC invocations=129 (full 0):
 garbage-first heap   total 204800K, used 202413K [0x0000000082800000, 0x0000000100000000)
  region size 1024K, 8 young (8192K), 1 survivors (1024K)
 Metaspace       used 80569K, committed 81472K, reserved 1179648K
  class space    used 11774K, committed 12160K, reserved 1048576K
}
Event: 136.723 GC heap after
{Heap after GC invocations=130 (full 0):
 garbage-first heap   total 205824K, used 44707K [0x0000000082800000, 0x0000000100000000)
  region size 1024K, 1 young (1024K), 1 survivors (1024K)
 Metaspace       used 80569K, committed 81472K, reserved 1179648K
  class space    used 11774K, committed 12160K, reserved 1048576K
}
Event: 140.862 GC heap before
{Heap before GC invocations=130 (full 0):
 garbage-first heap   total 216064K, used 213667K [0x0000000082800000, 0x0000000100000000)
  region size 1024K, 22 young (22528K), 1 survivors (1024K)
 Metaspace       used 80571K, committed 81472K, reserved 1179648K
  class space    used 11775K, committed 12160K, reserved 1048576K
}
Event: 140.875 GC heap after
{Heap after GC invocations=131 (full 0):
 garbage-first heap   total 218112K, used 43654K [0x0000000082800000, 0x0000000100000000)
  region size 1024K, 1 young (1024K), 1 survivors (1024K)
 Metaspace       used 80571K, committed 81472K, reserved 1179648K
  class space    used 11775K, committed 12160K, reserved 1048576K
}
Event: 140.927 GC heap before
{Heap before GC invocations=131 (full 0):
 garbage-first heap   total 218112K, used 43654K [0x0000000082800000, 0x0000000100000000)
  region size 1024K, 2 young (2048K), 1 survivors (1024K)
 Metaspace       used 80571K, committed 81472K, reserved 1179648K
  class space    used 11775K, committed 12160K, reserved 1048576K
}
Event: 140.933 GC heap after
{Heap after GC invocations=132 (full 0):
 garbage-first heap   total 218112K, used 43652K [0x0000000082800000, 0x0000000100000000)
  region size 1024K, 1 young (1024K), 1 survivors (1024K)
 Metaspace       used 80571K, committed 81472K, reserved 1179648K
  class space    used 11775K, committed 12160K, reserved 1048576K
}

